TN:
SF:src/modules/appointments/services/CreateAppointmentService.ts
FN:15,(anonymous_12)
FN:17,(anonymous_13)
FNF:2
FNH:2
FNDA:2,(anonymous_12)
FNDA:3,(anonymous_13)
DA:1,1
DA:2,1
DA:3,1
DA:14,1
DA:15,2
DA:18,3
DA:19,3
DA:21,3
DA:22,1
DA:25,2
DA:26,2
LF:11
LH:11
BRDA:21,0,0,1
BRDA:21,0,1,2
BRF:2
BRH:2
end_of_record
TN:
SF:src/modules/users/services/AuthenticateUserService.ts
FN:17,(anonymous_12)
FN:19,(anonymous_13)
FNF:2
FNH:0
FNDA:0,(anonymous_12)
FNDA:0,(anonymous_13)
DA:1,0
DA:2,0
DA:3,0
DA:5,0
DA:6,0
DA:16,0
DA:17,0
DA:20,0
DA:22,0
DA:23,0
DA:26,0
DA:28,0
DA:29,0
DA:32,0
DA:37,0
LF:15
LH:0
BRDA:22,0,0,0
BRDA:22,0,1,0
BRDA:28,1,0,0
BRDA:28,1,1,0
BRF:4
BRH:0
end_of_record
TN:
SF:src/modules/users/services/CreateUserService.ts
FN:16,(anonymous_12)
FN:18,(anonymous_13)
FNF:2
FNH:2
FNDA:2,(anonymous_12)
FNDA:3,(anonymous_13)
DA:1,1
DA:4,1
DA:6,1
DA:15,1
DA:16,2
DA:19,3
DA:21,3
DA:22,1
DA:25,2
DA:26,2
DA:27,2
LF:11
LH:11
BRDA:21,0,0,1
BRDA:21,0,1,2
BRF:2
BRH:2
end_of_record
TN:
SF:src/modules/users/services/UpdateUserAvaterService.ts
FN:16,(anonymous_12)
FN:18,(anonymous_13)
FNF:2
FNH:0
FNDA:0,(anonymous_12)
FNDA:0,(anonymous_13)
DA:1,0
DA:2,0
DA:4,0
DA:5,0
DA:7,0
DA:15,0
DA:16,0
DA:19,0
DA:21,0
DA:22,0
DA:25,0
DA:26,0
DA:27,0
DA:29,0
DA:30,0
DA:34,0
DA:35,0
DA:36,0
LF:18
LH:0
BRDA:21,0,0,0
BRDA:21,0,1,0
BRDA:25,1,0,0
BRDA:25,1,1,0
BRDA:29,2,0,0
BRDA:29,2,1,0
BRF:6
BRH:0
end_of_record
